{"contracts/BlobToken.sol":{"l":{"13":0,"17":0,"21":0,"29":0,"31":0},"path":"/home/user-007/Blockchain/erc20Token/contracts/BlobToken.sol","s":{"1":0,"2":0,"3":0,"4":0,"5":0},"b":{"1":[0,0],"2":[0,0],"3":[0,0]},"f":{"1":0,"2":0,"3":0,"4":0},"fnMap":{"1":{"name":"constructor","line":12,"loc":{"start":{"line":12,"column":4},"end":{"line":14,"column":4}}},"2":{"name":"pause","line":16,"loc":{"start":{"line":16,"column":4},"end":{"line":18,"column":4}}},"3":{"name":"unpause","line":20,"loc":{"start":{"line":20,"column":4},"end":{"line":22,"column":4}}},"4":{"name":"_beforeTokenTransfer","line":24,"loc":{"start":{"line":24,"column":4},"end":{"line":32,"column":4}}}},"statementMap":{"1":{"start":{"line":13,"column":8},"end":{"line":13,"column":55}},"2":{"start":{"line":17,"column":8},"end":{"line":17,"column":15}},"3":{"start":{"line":21,"column":8},"end":{"line":21,"column":17}},"4":{"start":{"line":29,"column":8},"end":{"line":29,"column":51}},"5":{"start":{"line":31,"column":8},"end":{"line":31,"column":75}}},"branchMap":{"1":{"line":16,"type":"if","locations":[{"start":{"line":16,"column":28},"end":{"line":16,"column":28}},{"start":{"line":16,"column":28},"end":{"line":16,"column":28}}]},"2":{"line":20,"type":"if","locations":[{"start":{"line":20,"column":30},"end":{"line":20,"column":30}},{"start":{"line":20,"column":30},"end":{"line":20,"column":30}}]},"3":{"line":31,"type":"if","locations":[{"start":{"line":31,"column":8},"end":{"line":31,"column":8}},{"start":{"line":31,"column":8},"end":{"line":31,"column":8}}]}}},"contracts/DEXTransactions.sol":{"l":{"11":0,"15":0,"19":0,"20":0,"22":0,"23":0,"27":0,"29":0,"30":0,"31":0},"path":"/home/user-007/Blockchain/erc20Token/contracts/DEXTransactions.sol","s":{"1":0,"2":0,"3":0,"4":0,"5":0,"6":0,"7":0},"b":{"1":[0,0],"2":[0,0],"3":[0,0],"4":[0,0],"5":[0,0]},"f":{"1":0,"2":0,"3":0,"4":0},"fnMap":{"1":{"name":"getAllDexAddresses","line":10,"loc":{"start":{"line":10,"column":4},"end":{"line":12,"column":4}}},"2":{"name":"checkIfDEXAddress","line":14,"loc":{"start":{"line":14,"column":4},"end":{"line":16,"column":4}}},"3":{"name":"addDEXAddress","line":18,"loc":{"start":{"line":18,"column":4},"end":{"line":24,"column":4}}},"4":{"name":"removeDEXAddress","line":26,"loc":{"start":{"line":26,"column":4},"end":{"line":32,"column":4}}}},"statementMap":{"1":{"start":{"line":11,"column":8},"end":{"line":11,"column":29}},"2":{"start":{"line":15,"column":6},"end":{"line":15,"column":29}},"3":{"start":{"line":19,"column":8},"end":{"line":19,"column":57}},"4":{"start":{"line":20,"column":8},"end":{"line":20,"column":62}},"5":{"start":{"line":23,"column":8},"end":{"line":23,"column":32}},"6":{"start":{"line":27,"column":8},"end":{"line":27,"column":63}},"7":{"start":{"line":31,"column":8},"end":{"line":31,"column":27}}},"branchMap":{"1":{"line":18,"type":"if","locations":[{"start":{"line":18,"column":48},"end":{"line":18,"column":48}},{"start":{"line":18,"column":48},"end":{"line":18,"column":48}}]},"2":{"line":19,"type":"if","locations":[{"start":{"line":19,"column":8},"end":{"line":19,"column":8}},{"start":{"line":19,"column":8},"end":{"line":19,"column":8}}]},"3":{"line":20,"type":"if","locations":[{"start":{"line":20,"column":8},"end":{"line":20,"column":8}},{"start":{"line":20,"column":8},"end":{"line":20,"column":8}}]},"4":{"line":26,"type":"if","locations":[{"start":{"line":26,"column":50},"end":{"line":26,"column":50}},{"start":{"line":26,"column":50},"end":{"line":26,"column":50}}]},"5":{"line":27,"type":"if","locations":[{"start":{"line":27,"column":8},"end":{"line":27,"column":8}},{"start":{"line":27,"column":8},"end":{"line":27,"column":8}}]}}},"contracts/ERC20.sol":{"l":{"8":0},"path":"/home/user-007/Blockchain/erc20Token/contracts/ERC20.sol","s":{"1":0},"b":{},"f":{"1":0},"fnMap":{"1":{"name":"constructor","line":7,"loc":{"start":{"line":7,"column":4},"end":{"line":9,"column":4}}}},"statementMap":{"1":{"start":{"line":8,"column":8},"end":{"line":8,"column":33}}},"branchMap":{}},"contracts/ERC20Mod.sol":{"l":{"20":0,"21":0,"25":0,"29":0,"33":0,"37":0,"43":0,"50":0,"51":0,"52":0,"59":0,"66":0,"67":0,"68":0,"76":0,"77":0,"78":0,"79":0,"86":0,"87":0,"88":0,"95":0,"96":0,"97":0,"101":0,"102":0,"105":0,"109":0,"110":0,"111":0,"112":0,"124":0,"125":0,"127":0,"129":0,"130":0,"135":0,"136":0,"137":0,"138":0,"139":0,"141":0,"143":0,"145":0,"147":0,"151":0,"153":0,"155":0,"156":0,"157":0,"159":0,"161":0,"165":0,"167":0,"169":0,"170":0,"171":0,"172":0,"173":0,"176":0,"178":0,"186":0,"187":0,"189":0,"190":0,"198":0,"199":0,"200":0,"204":0,"205":0},"path":"/home/user-007/Blockchain/erc20Token/contracts/ERC20Mod.sol","s":{"1":0,"2":0,"3":0,"4":0,"5":0,"6":0,"7":0,"8":0,"9":0,"10":0,"11":0,"12":0,"13":0,"14":0,"15":0,"16":0,"17":0,"18":0,"19":0,"20":0,"21":0,"22":0,"23":0,"24":0,"25":0,"26":0,"27":0,"28":0,"29":0,"30":0,"31":0,"32":0,"33":0,"34":0,"35":0,"36":0,"37":0,"38":0,"39":0,"40":0,"41":0,"42":0,"43":0,"44":0,"45":0,"46":0,"47":0,"48":0,"49":0,"50":0,"51":0,"52":0,"53":0,"54":0,"55":0},"b":{"1":[0,0],"2":[0,0],"3":[0,0],"4":[0,0],"5":[0,0],"6":[0,0],"7":[0,0],"8":[0,0],"9":[0,0],"10":[0,0],"11":[0,0],"12":[0,0],"13":[0,0],"14":[0,0]},"f":{"1":0,"2":0,"3":0,"4":0,"5":0,"6":0,"7":0,"8":0,"9":0,"10":0,"11":0,"12":0,"13":0,"14":0,"15":0,"16":0,"17":0,"18":0,"19":0,"20":0},"fnMap":{"1":{"name":"constructor","line":19,"loc":{"start":{"line":19,"column":4},"end":{"line":22,"column":4}}},"2":{"name":"name","line":24,"loc":{"start":{"line":24,"column":4},"end":{"line":26,"column":4}}},"3":{"name":"symbol","line":28,"loc":{"start":{"line":28,"column":4},"end":{"line":30,"column":4}}},"4":{"name":"decimals","line":32,"loc":{"start":{"line":32,"column":4},"end":{"line":34,"column":4}}},"5":{"name":"totalSupply","line":36,"loc":{"start":{"line":36,"column":4},"end":{"line":38,"column":4}}},"6":{"name":"balanceOf","line":40,"loc":{"start":{"line":40,"column":4},"end":{"line":44,"column":4}}},"7":{"name":"transfer","line":46,"loc":{"start":{"line":46,"column":4},"end":{"line":53,"column":4}}},"8":{"name":"allowance","line":55,"loc":{"start":{"line":55,"column":4},"end":{"line":60,"column":4}}},"9":{"name":"approve","line":62,"loc":{"start":{"line":62,"column":4},"end":{"line":69,"column":4}}},"10":{"name":"transferFrom","line":71,"loc":{"start":{"line":71,"column":4},"end":{"line":80,"column":4}}},"11":{"name":"increaseAllowance","line":82,"loc":{"start":{"line":82,"column":4},"end":{"line":89,"column":4}}},"12":{"name":"decreaseAllowance","line":91,"loc":{"start":{"line":91,"column":4},"end":{"line":106,"column":4}}},"13":{"name":"_distributeTax","line":108,"loc":{"start":{"line":108,"column":4},"end":{"line":117,"column":4}}},"14":{"name":"_transfer","line":119,"loc":{"start":{"line":119,"column":4},"end":{"line":148,"column":4}}},"15":{"name":"_mint","line":150,"loc":{"start":{"line":150,"column":4},"end":{"line":162,"column":4}}},"16":{"name":"_burn","line":164,"loc":{"start":{"line":164,"column":4},"end":{"line":179,"column":4}}},"17":{"name":"_approve","line":181,"loc":{"start":{"line":181,"column":4},"end":{"line":191,"column":4}}},"18":{"name":"_spendAllowance","line":193,"loc":{"start":{"line":193,"column":4},"end":{"line":208,"column":4}}},"19":{"name":"_beforeTokenTransfer","line":210,"loc":{"start":{"line":210,"column":4},"end":{"line":214,"column":24}}},"20":{"name":"_afterTokenTransfer","line":216,"loc":{"start":{"line":216,"column":4},"end":{"line":220,"column":24}}}},"statementMap":{"1":{"start":{"line":25,"column":8},"end":{"line":25,"column":20}},"2":{"start":{"line":29,"column":8},"end":{"line":29,"column":22}},"3":{"start":{"line":33,"column":8},"end":{"line":33,"column":17}},"4":{"start":{"line":37,"column":8},"end":{"line":37,"column":27}},"5":{"start":{"line":43,"column":8},"end":{"line":43,"column":33}},"6":{"start":{"line":50,"column":8},"end":{"line":50,"column":36}},"7":{"start":{"line":51,"column":8},"end":{"line":51,"column":35}},"8":{"start":{"line":52,"column":8},"end":{"line":52,"column":19}},"9":{"start":{"line":59,"column":8},"end":{"line":59,"column":42}},"10":{"start":{"line":66,"column":8},"end":{"line":66,"column":36}},"11":{"start":{"line":67,"column":8},"end":{"line":67,"column":39}},"12":{"start":{"line":68,"column":8},"end":{"line":68,"column":19}},"13":{"start":{"line":76,"column":8},"end":{"line":76,"column":38}},"14":{"start":{"line":77,"column":8},"end":{"line":77,"column":45}},"15":{"start":{"line":78,"column":8},"end":{"line":78,"column":34}},"16":{"start":{"line":79,"column":8},"end":{"line":79,"column":19}},"17":{"start":{"line":86,"column":8},"end":{"line":86,"column":36}},"18":{"start":{"line":87,"column":8},"end":{"line":87,"column":71}},"19":{"start":{"line":88,"column":8},"end":{"line":88,"column":19}},"20":{"start":{"line":95,"column":8},"end":{"line":95,"column":36}},"21":{"start":{"line":96,"column":8},"end":{"line":96,"column":60}},"22":{"start":{"line":97,"column":8},"end":{"line":97,"column":2637}},"23":{"start":{"line":102,"column":12},"end":{"line":102,"column":71}},"24":{"start":{"line":105,"column":8},"end":{"line":105,"column":19}},"25":{"start":{"line":109,"column":8},"end":{"line":109,"column":73}},"26":{"start":{"line":110,"column":8},"end":{"line":110,"column":3030}},"27":{"start":{"line":111,"column":12},"end":{"line":111,"column":48}},"28":{"start":{"line":124,"column":8},"end":{"line":124,"column":75}},"29":{"start":{"line":125,"column":8},"end":{"line":125,"column":71}},"30":{"start":{"line":127,"column":8},"end":{"line":127,"column":45}},"31":{"start":{"line":129,"column":8},"end":{"line":129,"column":45}},"32":{"start":{"line":130,"column":8},"end":{"line":130,"column":3656}},"33":{"start":{"line":135,"column":8},"end":{"line":135,"column":3773}},"34":{"start":{"line":136,"column":12},"end":{"line":136,"column":58}},"35":{"start":{"line":137,"column":12},"end":{"line":137,"column":79}},"36":{"start":{"line":139,"column":12},"end":{"line":139,"column":36}},"37":{"start":{"line":145,"column":8},"end":{"line":145,"column":39}},"38":{"start":{"line":147,"column":8},"end":{"line":147,"column":44}},"39":{"start":{"line":151,"column":8},"end":{"line":151,"column":72}},"40":{"start":{"line":153,"column":8},"end":{"line":153,"column":56}},"41":{"start":{"line":159,"column":8},"end":{"line":159,"column":50}},"42":{"start":{"line":161,"column":8},"end":{"line":161,"column":55}},"43":{"start":{"line":165,"column":8},"end":{"line":165,"column":74}},"44":{"start":{"line":167,"column":8},"end":{"line":167,"column":56}},"45":{"start":{"line":169,"column":8},"end":{"line":169,"column":51}},"46":{"start":{"line":170,"column":8},"end":{"line":170,"column":78}},"47":{"start":{"line":176,"column":8},"end":{"line":176,"column":50}},"48":{"start":{"line":178,"column":8},"end":{"line":178,"column":55}},"49":{"start":{"line":186,"column":8},"end":{"line":186,"column":75}},"50":{"start":{"line":187,"column":8},"end":{"line":187,"column":75}},"51":{"start":{"line":190,"column":8},"end":{"line":190,"column":45}},"52":{"start":{"line":198,"column":8},"end":{"line":198,"column":60}},"53":{"start":{"line":199,"column":8},"end":{"line":199,"column":5850}},"54":{"start":{"line":200,"column":12},"end":{"line":200,"column":5911}},"55":{"start":{"line":205,"column":16},"end":{"line":205,"column":66}}},"branchMap":{"1":{"line":97,"type":"if","locations":[{"start":{"line":97,"column":8},"end":{"line":97,"column":8}},{"start":{"line":97,"column":8},"end":{"line":97,"column":8}}]},"2":{"line":109,"type":"if","locations":[{"start":{"line":109,"column":8},"end":{"line":109,"column":8}},{"start":{"line":109,"column":8},"end":{"line":109,"column":8}}]},"3":{"line":124,"type":"if","locations":[{"start":{"line":124,"column":8},"end":{"line":124,"column":8}},{"start":{"line":124,"column":8},"end":{"line":124,"column":8}}]},"4":{"line":125,"type":"if","locations":[{"start":{"line":125,"column":8},"end":{"line":125,"column":8}},{"start":{"line":125,"column":8},"end":{"line":125,"column":8}}]},"5":{"line":130,"type":"if","locations":[{"start":{"line":130,"column":8},"end":{"line":130,"column":8}},{"start":{"line":130,"column":8},"end":{"line":130,"column":8}}]},"6":{"line":135,"type":"if","locations":[{"start":{"line":135,"column":8},"end":{"line":135,"column":8}},{"start":{"line":135,"column":8},"end":{"line":135,"column":8}}]},"7":{"line":135,"type":"cond-expr","locations":[{"start":{"line":135,"column":12},"end":{"line":135,"column":34}},{"start":{"line":135,"column":39},"end":{"line":135,"column":59}}]},"8":{"line":151,"type":"if","locations":[{"start":{"line":151,"column":8},"end":{"line":151,"column":8}},{"start":{"line":151,"column":8},"end":{"line":151,"column":8}}]},"9":{"line":165,"type":"if","locations":[{"start":{"line":165,"column":8},"end":{"line":165,"column":8}},{"start":{"line":165,"column":8},"end":{"line":165,"column":8}}]},"10":{"line":170,"type":"if","locations":[{"start":{"line":170,"column":8},"end":{"line":170,"column":8}},{"start":{"line":170,"column":8},"end":{"line":170,"column":8}}]},"11":{"line":186,"type":"if","locations":[{"start":{"line":186,"column":8},"end":{"line":186,"column":8}},{"start":{"line":186,"column":8},"end":{"line":186,"column":8}}]},"12":{"line":187,"type":"if","locations":[{"start":{"line":187,"column":8},"end":{"line":187,"column":8}},{"start":{"line":187,"column":8},"end":{"line":187,"column":8}}]},"13":{"line":199,"type":"if","locations":[{"start":{"line":199,"column":8},"end":{"line":199,"column":8}},{"start":{"line":199,"column":8},"end":{"line":199,"column":8}}]},"14":{"line":200,"type":"if","locations":[{"start":{"line":200,"column":12},"end":{"line":200,"column":12}},{"start":{"line":200,"column":12},"end":{"line":200,"column":12}}]}}},"contracts/FeedingContract.sol":{"l":{"21":0,"22":0,"24":0,"25":0,"26":0,"27":0,"28":0,"29":0,"31":0,"32":0,"33":0,"37":0,"46":0,"53":0,"54":0,"55":0,"58":0,"61":0,"65":0,"66":0,"69":0,"74":0,"75":0,"78":0},"path":"/home/user-007/Blockchain/erc20Token/contracts/FeedingContract.sol","s":{"1":0,"2":0,"3":0,"4":0,"5":0,"6":0,"7":0,"8":0,"9":0,"10":0,"11":0},"b":{"1":[0,0],"2":[0,0],"3":[0,0],"4":[0,0],"5":[0,0]},"f":{"1":0,"2":0,"3":0,"4":0,"5":0},"fnMap":{"1":{"name":"constructor","line":17,"loc":{"start":{"line":17,"column":4},"end":{"line":18,"column":4}}},"2":{"name":"swapTokens","line":20,"loc":{"start":{"line":20,"column":4},"end":{"line":50,"column":4}}},"3":{"name":"claim","line":52,"loc":{"start":{"line":52,"column":4},"end":{"line":62,"column":4}}},"4":{"name":"claimable","line":64,"loc":{"start":{"line":64,"column":4},"end":{"line":71,"column":4}}},"5":{"name":"timeLeft","line":73,"loc":{"start":{"line":73,"column":4},"end":{"line":80,"column":4}}}},"statementMap":{"1":{"start":{"line":21,"column":8},"end":{"line":21,"column":74}},"2":{"start":{"line":22,"column":8},"end":{"line":22,"column":61}},"3":{"start":{"line":24,"column":8},"end":{"line":24,"column":29}},"4":{"start":{"line":25,"column":8},"end":{"line":25,"column":839}},"5":{"start":{"line":37,"column":8},"end":{"line":37,"column":1326}},"6":{"start":{"line":53,"column":8},"end":{"line":53,"column":104}},"7":{"start":{"line":54,"column":8},"end":{"line":54,"column":59}},"8":{"start":{"line":55,"column":8},"end":{"line":55,"column":46}},"9":{"start":{"line":61,"column":8},"end":{"line":61,"column":53}},"10":{"start":{"line":65,"column":8},"end":{"line":65,"column":2315}},"11":{"start":{"line":74,"column":8},"end":{"line":74,"column":2586}}},"branchMap":{"1":{"line":25,"type":"if","locations":[{"start":{"line":25,"column":8},"end":{"line":25,"column":8}},{"start":{"line":25,"column":8},"end":{"line":25,"column":8}}]},"2":{"line":53,"type":"if","locations":[{"start":{"line":53,"column":8},"end":{"line":53,"column":8}},{"start":{"line":53,"column":8},"end":{"line":53,"column":8}}]},"3":{"line":55,"type":"if","locations":[{"start":{"line":55,"column":8},"end":{"line":55,"column":8}},{"start":{"line":55,"column":8},"end":{"line":55,"column":8}}]},"4":{"line":65,"type":"if","locations":[{"start":{"line":65,"column":8},"end":{"line":65,"column":8}},{"start":{"line":65,"column":8},"end":{"line":65,"column":8}}]},"5":{"line":74,"type":"if","locations":[{"start":{"line":74,"column":8},"end":{"line":74,"column":8}},{"start":{"line":74,"column":8},"end":{"line":74,"column":8}}]}}},"contracts/Taxable.sol":{"l":{"22":0,"26":0,"31":0,"32":0,"34":0,"41":0,"42":0,"47":0,"51":0,"53":0,"54":0,"55":0,"56":0,"60":0,"62":0,"63":0,"70":0,"74":0,"81":0,"85":0,"86":0,"87":0,"88":0,"91":0},"path":"/home/user-007/Blockchain/erc20Token/contracts/Taxable.sol","s":{"1":0,"2":0,"3":0,"4":0,"5":0,"6":0,"7":0,"8":0,"9":0,"10":0,"11":0,"12":0,"13":0,"14":0,"15":0,"16":0,"17":0,"18":0},"b":{"1":[0,0],"2":[0,0],"3":[0,0],"4":[0,0],"5":[0,0],"6":[0,0],"7":[0,0],"8":[0,0]},"f":{"1":0,"2":0,"3":0,"4":0,"5":0,"6":0,"7":0,"8":0,"9":0},"fnMap":{"1":{"name":"getAllTaxReceivers","line":21,"loc":{"start":{"line":21,"column":4},"end":{"line":23,"column":4}}},"2":{"name":"addTaxReceiver","line":25,"loc":{"start":{"line":25,"column":4},"end":{"line":35,"column":4}}},"3":{"name":"updateReceiverTax","line":40,"loc":{"start":{"line":37,"column":4},"end":{"line":48,"column":4}}},"4":{"name":"removeTaxReceiver","line":50,"loc":{"start":{"line":50,"column":4},"end":{"line":57,"column":4}}},"5":{"name":"updateTax","line":59,"loc":{"start":{"line":59,"column":4},"end":{"line":64,"column":4}}},"6":{"name":"calculateFeeAmount","line":66,"loc":{"start":{"line":66,"column":4},"end":{"line":71,"column":4}}},"7":{"name":"calculateTaxAmount","line":73,"loc":{"start":{"line":73,"column":4},"end":{"line":75,"column":4}}},"8":{"name":"calculateTransferAmount","line":77,"loc":{"start":{"line":77,"column":4},"end":{"line":82,"column":4}}},"9":{"name":"_taxEqualsHundred","line":84,"loc":{"start":{"line":84,"column":4},"end":{"line":92,"column":4}}}},"statementMap":{"1":{"start":{"line":22,"column":8},"end":{"line":22,"column":30}},"2":{"start":{"line":26,"column":8},"end":{"line":26,"column":73}},"3":{"start":{"line":32,"column":8},"end":{"line":32,"column":38}},"4":{"start":{"line":34,"column":8},"end":{"line":34,"column":51}},"5":{"start":{"line":41,"column":8},"end":{"line":41,"column":45}},"6":{"start":{"line":42,"column":8},"end":{"line":42,"column":1296}},"7":{"start":{"line":51,"column":8},"end":{"line":51,"column":64}},"8":{"start":{"line":53,"column":8},"end":{"line":53,"column":55}},"9":{"start":{"line":56,"column":8},"end":{"line":56,"column":28}},"10":{"start":{"line":60,"column":8},"end":{"line":60,"column":65}},"11":{"start":{"line":62,"column":8},"end":{"line":62,"column":33}},"12":{"start":{"line":70,"column":8},"end":{"line":70,"column":37}},"13":{"start":{"line":74,"column":8},"end":{"line":74,"column":47}},"14":{"start":{"line":81,"column":8},"end":{"line":81,"column":29}},"15":{"start":{"line":85,"column":8},"end":{"line":85,"column":20}},"16":{"start":{"line":86,"column":8},"end":{"line":86,"column":2563}},"17":{"start":{"line":87,"column":12},"end":{"line":87,"column":48}},"18":{"start":{"line":91,"column":8},"end":{"line":91,"column":27}}},"branchMap":{"1":{"line":25,"type":"if","locations":[{"start":{"line":25,"column":73},"end":{"line":25,"column":73}},{"start":{"line":25,"column":73},"end":{"line":25,"column":73}}]},"2":{"line":26,"type":"if","locations":[{"start":{"line":26,"column":8},"end":{"line":26,"column":8}},{"start":{"line":26,"column":8},"end":{"line":26,"column":8}}]},"3":{"line":40,"type":"if","locations":[{"start":{"line":40,"column":13},"end":{"line":40,"column":13}},{"start":{"line":40,"column":13},"end":{"line":40,"column":13}}]},"4":{"line":41,"type":"if","locations":[{"start":{"line":41,"column":8},"end":{"line":41,"column":8}},{"start":{"line":41,"column":8},"end":{"line":41,"column":8}}]},"5":{"line":50,"type":"if","locations":[{"start":{"line":50,"column":51},"end":{"line":50,"column":51}},{"start":{"line":50,"column":51},"end":{"line":50,"column":51}}]},"6":{"line":51,"type":"if","locations":[{"start":{"line":51,"column":8},"end":{"line":51,"column":8}},{"start":{"line":51,"column":8},"end":{"line":51,"column":8}}]},"7":{"line":59,"type":"if","locations":[{"start":{"line":59,"column":42},"end":{"line":59,"column":42}},{"start":{"line":59,"column":42},"end":{"line":59,"column":42}}]},"8":{"line":60,"type":"if","locations":[{"start":{"line":60,"column":8},"end":{"line":60,"column":8}},{"start":{"line":60,"column":8},"end":{"line":60,"column":8}}]}}}}