TN:
SF:/home/user-007/Blockchain/erc20Token/contracts/BlobToken.sol
FN:12,constructor
FN:16,pause
FN:20,unpause
FN:24,_beforeTokenTransfer
FNF:4
FNH:0
FNDA:0,constructor
FNDA:0,pause
FNDA:0,unpause
FNDA:0,_beforeTokenTransfer
DA:13,0
DA:17,0
DA:21,0
DA:29,0
DA:31,0
LF:5
LH:0
BRDA:16,1,0,0
BRDA:16,1,1,0
BRDA:20,2,0,0
BRDA:20,2,1,0
BRDA:31,3,0,0
BRDA:31,3,1,0
BRF:6
BRH:0
end_of_record
TN:
SF:/home/user-007/Blockchain/erc20Token/contracts/DEXTransactions.sol
FN:10,getAllDexAddresses
FN:14,checkIfDEXAddress
FN:18,addDEXAddress
FN:26,removeDEXAddress
FNF:4
FNH:0
FNDA:0,getAllDexAddresses
FNDA:0,checkIfDEXAddress
FNDA:0,addDEXAddress
FNDA:0,removeDEXAddress
DA:11,0
DA:15,0
DA:19,0
DA:20,0
DA:22,0
DA:23,0
DA:27,0
DA:29,0
DA:30,0
DA:31,0
LF:10
LH:0
BRDA:18,1,0,0
BRDA:18,1,1,0
BRDA:19,2,0,0
BRDA:19,2,1,0
BRDA:20,3,0,0
BRDA:20,3,1,0
BRDA:26,4,0,0
BRDA:26,4,1,0
BRDA:27,5,0,0
BRDA:27,5,1,0
BRF:10
BRH:0
end_of_record
TN:
SF:/home/user-007/Blockchain/erc20Token/contracts/ERC20.sol
FN:7,constructor
FNF:1
FNH:0
FNDA:0,constructor
DA:8,0
LF:1
LH:0
BRF:0
BRH:0
end_of_record
TN:
SF:/home/user-007/Blockchain/erc20Token/contracts/ERC20Mod.sol
FN:19,constructor
FN:24,name
FN:28,symbol
FN:32,decimals
FN:36,totalSupply
FN:40,balanceOf
FN:46,transfer
FN:55,allowance
FN:62,approve
FN:71,transferFrom
FN:82,increaseAllowance
FN:91,decreaseAllowance
FN:108,_distributeTax
FN:119,_transfer
FN:150,_mint
FN:164,_burn
FN:181,_approve
FN:193,_spendAllowance
FN:210,_beforeTokenTransfer
FN:216,_afterTokenTransfer
FNF:20
FNH:0
FNDA:0,constructor
FNDA:0,name
FNDA:0,symbol
FNDA:0,decimals
FNDA:0,totalSupply
FNDA:0,balanceOf
FNDA:0,transfer
FNDA:0,allowance
FNDA:0,approve
FNDA:0,transferFrom
FNDA:0,increaseAllowance
FNDA:0,decreaseAllowance
FNDA:0,_distributeTax
FNDA:0,_transfer
FNDA:0,_mint
FNDA:0,_burn
FNDA:0,_approve
FNDA:0,_spendAllowance
FNDA:0,_beforeTokenTransfer
FNDA:0,_afterTokenTransfer
DA:20,0
DA:21,0
DA:25,0
DA:29,0
DA:33,0
DA:37,0
DA:43,0
DA:50,0
DA:51,0
DA:52,0
DA:59,0
DA:66,0
DA:67,0
DA:68,0
DA:76,0
DA:77,0
DA:78,0
DA:79,0
DA:86,0
DA:87,0
DA:88,0
DA:95,0
DA:96,0
DA:97,0
DA:101,0
DA:102,0
DA:105,0
DA:109,0
DA:110,0
DA:111,0
DA:112,0
DA:124,0
DA:125,0
DA:127,0
DA:129,0
DA:130,0
DA:135,0
DA:136,0
DA:137,0
DA:138,0
DA:139,0
DA:141,0
DA:143,0
DA:145,0
DA:147,0
DA:151,0
DA:153,0
DA:155,0
DA:156,0
DA:157,0
DA:159,0
DA:161,0
DA:165,0
DA:167,0
DA:169,0
DA:170,0
DA:171,0
DA:172,0
DA:173,0
DA:176,0
DA:178,0
DA:186,0
DA:187,0
DA:189,0
DA:190,0
DA:198,0
DA:199,0
DA:200,0
DA:204,0
DA:205,0
LF:70
LH:0
BRDA:97,1,0,0
BRDA:97,1,1,0
BRDA:109,2,0,0
BRDA:109,2,1,0
BRDA:124,3,0,0
BRDA:124,3,1,0
BRDA:125,4,0,0
BRDA:125,4,1,0
BRDA:130,5,0,0
BRDA:130,5,1,0
BRDA:135,6,0,0
BRDA:135,6,1,0
BRDA:135,7,0,0
BRDA:135,7,1,0
BRDA:151,8,0,0
BRDA:151,8,1,0
BRDA:165,9,0,0
BRDA:165,9,1,0
BRDA:170,10,0,0
BRDA:170,10,1,0
BRDA:186,11,0,0
BRDA:186,11,1,0
BRDA:187,12,0,0
BRDA:187,12,1,0
BRDA:199,13,0,0
BRDA:199,13,1,0
BRDA:200,14,0,0
BRDA:200,14,1,0
BRF:28
BRH:0
end_of_record
TN:
SF:/home/user-007/Blockchain/erc20Token/contracts/FeedingContract.sol
FN:17,constructor
FN:20,swapTokens
FN:52,claim
FN:64,claimable
FN:73,timeLeft
FNF:5
FNH:0
FNDA:0,constructor
FNDA:0,swapTokens
FNDA:0,claim
FNDA:0,claimable
FNDA:0,timeLeft
DA:21,0
DA:22,0
DA:24,0
DA:25,0
DA:26,0
DA:27,0
DA:28,0
DA:29,0
DA:31,0
DA:32,0
DA:33,0
DA:37,0
DA:46,0
DA:53,0
DA:54,0
DA:55,0
DA:58,0
DA:61,0
DA:65,0
DA:66,0
DA:69,0
DA:74,0
DA:75,0
DA:78,0
LF:24
LH:0
BRDA:25,1,0,0
BRDA:25,1,1,0
BRDA:53,2,0,0
BRDA:53,2,1,0
BRDA:55,3,0,0
BRDA:55,3,1,0
BRDA:65,4,0,0
BRDA:65,4,1,0
BRDA:74,5,0,0
BRDA:74,5,1,0
BRF:10
BRH:0
end_of_record
TN:
SF:/home/user-007/Blockchain/erc20Token/contracts/Taxable.sol
FN:21,getAllTaxReceivers
FN:25,addTaxReceiver
FN:40,updateReceiverTax
FN:50,removeTaxReceiver
FN:59,updateTax
FN:66,calculateFeeAmount
FN:73,calculateTaxAmount
FN:77,calculateTransferAmount
FN:84,_taxEqualsHundred
FNF:9
FNH:0
FNDA:0,getAllTaxReceivers
FNDA:0,addTaxReceiver
FNDA:0,updateReceiverTax
FNDA:0,removeTaxReceiver
FNDA:0,updateTax
FNDA:0,calculateFeeAmount
FNDA:0,calculateTaxAmount
FNDA:0,calculateTransferAmount
FNDA:0,_taxEqualsHundred
DA:22,0
DA:26,0
DA:31,0
DA:32,0
DA:34,0
DA:41,0
DA:42,0
DA:47,0
DA:51,0
DA:53,0
DA:54,0
DA:55,0
DA:56,0
DA:60,0
DA:62,0
DA:63,0
DA:70,0
DA:74,0
DA:81,0
DA:85,0
DA:86,0
DA:87,0
DA:88,0
DA:91,0
LF:24
LH:0
BRDA:25,1,0,0
BRDA:25,1,1,0
BRDA:26,2,0,0
BRDA:26,2,1,0
BRDA:40,3,0,0
BRDA:40,3,1,0
BRDA:41,4,0,0
BRDA:41,4,1,0
BRDA:50,5,0,0
BRDA:50,5,1,0
BRDA:51,6,0,0
BRDA:51,6,1,0
BRDA:59,7,0,0
BRDA:59,7,1,0
BRDA:60,8,0,0
BRDA:60,8,1,0
BRF:16
BRH:0
end_of_record
